<?xml version="1.0" encoding="UTF-8"?>
<!-- Generated by org.testng.reporters.JUnitReportReporter -->
<testsuite hostname="DESKTOP-VO2S2HA" failures="0" tests="1" name="day13June23.FindRoleUsingSortedWebTableElements" time="33.410" errors="0" timestamp="2023-06-16T19:12:39 IST" skipped="0">
  <testcase classname="day13June23.FindRoleUsingSortedWebTableElements" name="VerifySortedElements" time="33.410"/>
  <system-out/>
</testsuite> <!-- day13June23.FindRoleUsingSortedWebTableElements -->
