<?xml version="1.0" encoding="UTF-8"?>
<!-- Generated by org.testng.reporters.JUnitReportReporter -->
<testsuite hostname="DESKTOP-VO2S2HA" failures="0" tests="1" name="day13June23.FilteringElementsUsingSearchDemo" time="20.293" errors="0" timestamp="2023-06-16T12:25:22 IST" skipped="0">
  <testcase classname="day13June23.FilteringElementsUsingSearchDemo" name="verifySortedElements" time="20.293"/>
  <system-out/>
</testsuite> <!-- day13June23.FilteringElementsUsingSearchDemo -->
