<?xml version="1.0" encoding="UTF-8"?>
<!-- Generated by org.testng.reporters.JUnitReportReporter -->
<testsuite hostname="DESKTOP-VO2S2HA" failures="0" tests="1" name="day11june23.HardAssertionDemo2" time="0.029" errors="0" timestamp="2023-06-13T06:44:03 IST" skipped="0">
  <testcase classname="day11june23.HardAssertionDemo2" name="verifyHardAssertion" time="0.029"/>
  <system-out/>
</testsuite> <!-- day11june23.HardAssertionDemo2 -->
