<?xml version="1.0" encoding="UTF-8"?>
<!-- Generated by org.testng.reporters.JUnitReportReporter -->
<testsuite hostname="DESKTOP-VO2S2HA" failures="0" tests="1" name="day13June23n.ExcelReadingFileDemo" time="1.928" errors="0" timestamp="2023-06-22T11:23:05 IST" skipped="0">
  <testcase classname="day13June23n.ExcelReadingFileDemo" name="readExcel" time="1.928"/>
  <system-out/>
</testsuite> <!-- day13June23n.ExcelReadingFileDemo -->
