<?xml version="1.0" encoding="UTF-8"?>
<!-- Generated by org.testng.reporters.JUnitReportReporter -->
<testsuite hostname="DESKTOP-VO2S2HA" failures="0" tests="1" name="day13June23n.day13June23" time="0.000" errors="0" timestamp="2023-06-21T12:02:27 IST" skipped="1">
  <testcase classname="day13June23n.day13June23" name="verifyLogin" time="0.000">
    <skipped/>
  </testcase> <!-- verifyLogin -->
  <system-out/>
</testsuite> <!-- day13June23n.day13June23 -->
