<?xml version="1.0" encoding="UTF-8"?>
<!-- Generated by org.testng.reporters.JUnitReportReporter -->
<testsuite hostname="DESKTOP-VO2S2HA" failures="0" tests="3" name="day7June2023.TestNGDemo" time="0.031" errors="0" timestamp="2023-06-07T16:28:01 IST" skipped="0">
  <testcase classname="day7June2023.TestNGDemo" name="Login" time="0.024"/>
  <system-out/>
  <testcase classname="day7June2023.TestNGDemo" name="reg" time="0.004"/>
  <system-out/>
  <testcase classname="day7June2023.TestNGDemo" name="Logout" time="0.003"/>
  <system-out/>
</testsuite> <!-- day7June2023.TestNGDemo -->
