<?xml version="1.0" encoding="UTF-8"?>
<!-- Generated by org.testng.reporters.JUnitReportReporter -->
<testsuite hostname="DESKTOP-VO2S2HA" failures="0" tests="2" name="day11june23.ShippingDemo" time="0.026" errors="0" timestamp="2023-06-13T07:00:33 IST" skipped="0">
  <testcase classname="day11june23.ShippingDemo" name="verifyPayment" time="0.022"/>
  <system-out/>
  <testcase classname="day11june23.ShippingDemo" name="verifyPayment" time="0.004"/>
  <system-out/>
</testsuite> <!-- day11june23.ShippingDemo -->
