<?xml version="1.0" encoding="UTF-8"?>
<!-- Generated by org.testng.reporters.JUnitReportReporter -->
<testsuite hostname="DESKTOP-VO2S2HA" failures="0" tests="5" name="day17June23.GroupsDemo" time="0.058" errors="0" timestamp="2023-06-22T06:47:29 IST" skipped="0">
  <testcase classname="day17June23.GroupsDemo" name="testYamaha" time="0.007"/>
  <system-out/>
  <testcase classname="day17June23.GroupsDemo" name="testBenz" time="0.006"/>
  <system-out/>
  <testcase classname="day17June23.GroupsDemo" name="testHonda" time="0.006"/>
  <system-out/>
  <testcase classname="day17June23.GroupsDemo" name="testBajaj" time="0.008"/>
  <system-out/>
  <testcase classname="day17June23.GroupsDemo" name="testBMW" time="0.031"/>
  <system-out/>
</testsuite> <!-- day17June23.GroupsDemo -->
