<?xml version="1.0" encoding="UTF-8"?>
<!-- Generated by org.testng.reporters.JUnitReportReporter -->
<testsuite hostname="DESKTOP-VO2S2HA" failures="0" tests="2" name="day11june23.PaymentDemo" time="0.027" errors="0" timestamp="2023-06-13T06:58:34 IST" skipped="0">
  <testcase classname="day11june23.PaymentDemo" name="verifyPayment" time="0.024"/>
  <system-out/>
  <testcase classname="day11june23.PaymentDemo" name="verifyPayment" time="0.003"/>
  <system-out/>
</testsuite> <!-- day11june23.PaymentDemo -->
