<?xml version="1.0" encoding="UTF-8"?>
<!-- Generated by org.testng.reporters.JUnitReportReporter -->
<testsuite hostname="DESKTOP-VO2S2HA" failures="0" tests="4" name="day9june23.TestNGDemo1DataProvider" time="0.037" errors="0" timestamp="2023-06-10T11:41:55 IST" skipped="0">
  <testcase classname="day9june23.TestNGDemo1DataProvider" name="validateLogin" time="0.003"/>
  <system-out/>
  <testcase classname="day9june23.TestNGDemo1DataProvider" name="validateLogin" time="0.003"/>
  <system-out/>
  <testcase classname="day9june23.TestNGDemo1DataProvider" name="validateLogin" time="0.027"/>
  <system-out/>
  <testcase classname="day9june23.TestNGDemo1DataProvider" name="validateLogin" time="0.004"/>
  <system-out/>
</testsuite> <!-- day9june23.TestNGDemo1DataProvider -->
