<?xml version="1.0" encoding="UTF-8"?>
<!-- Generated by org.testng.reporters.JUnitReportReporter -->
<testsuite hostname="DESKTOP-VO2S2HA" failures="0" tests="2" name="day7June2023.TestNGDemo4" time="0.038" errors="0" timestamp="2023-06-07T17:24:07 IST" skipped="0">
  <testcase classname="day7June2023.TestNGDemo4" name="Login" time="0.026"/>
  <system-out/>
  <testcase classname="day7June2023.TestNGDemo4" name="reg" time="0.012"/>
  <system-out/>
</testsuite> <!-- day7June2023.TestNGDemo4 -->
