<?xml version="1.0" encoding="UTF-8"?>
<!-- Generated by org.testng.reporters.JUnitReportReporter -->
<testsuite hostname="DESKTOP-VO2S2HA" failures="0" tests="4" name="day11june23.DataProviderDemo3" time="0.033" errors="0" timestamp="2023-06-13T05:36:41 IST" skipped="0">
  <testcase classname="day11june23.DataProviderDemo3" name="verifyLogin" time="0.003"/>
  <system-out/>
  <testcase classname="day11june23.DataProviderDemo3" name="verifyLogin" time="0.020"/>
  <system-out/>
  <testcase classname="day11june23.DataProviderDemo3" name="verifyLogin" time="0.007"/>
  <system-out/>
  <testcase classname="day11june23.DataProviderDemo3" name="verifyLogin" time="0.003"/>
  <system-out/>
</testsuite> <!-- day11june23.DataProviderDemo3 -->
