<?xml version="1.0" encoding="UTF-8"?>
<!-- Generated by org.testng.reporters.JUnitReportReporter -->
<testsuite hostname="DESKTOP-VO2S2HA" failures="0" tests="4" name="day11june23.DataProviderDemo1" time="0.042" errors="0" timestamp="2023-06-13T05:21:50 IST" skipped="0">
  <testcase classname="day11june23.DataProviderDemo1" name="verifyLogin" time="0.006"/>
  <system-out/>
  <testcase classname="day11june23.DataProviderDemo1" name="verifyLogin" time="0.021"/>
  <system-out/>
  <testcase classname="day11june23.DataProviderDemo1" name="verifyLogin" time="0.007"/>
  <system-out/>
  <testcase classname="day11june23.DataProviderDemo1" name="verifyLogin" time="0.008"/>
  <system-out/>
</testsuite> <!-- day11june23.DataProviderDemo1 -->
