<?xml version="1.0" encoding="UTF-8"?>
<!-- Generated by org.testng.reporters.JUnitReportReporter -->
<testsuite hostname="DESKTOP-VO2S2HA" failures="0" tests="1" name="day13June23.SortedWebTableElementsDemo" time="38.115" errors="0" timestamp="2023-06-17T05:56:18 IST" skipped="0">
  <testcase classname="day13June23.SortedWebTableElementsDemo" name="VerifySortedElements" time="38.115"/>
  <system-out/>
</testsuite> <!-- day13June23.SortedWebTableElementsDemo -->
