<?xml version="1.0" encoding="UTF-8"?>
<!-- Generated by org.testng.reporters.JUnitReportReporter -->
<testsuite hostname="DESKTOP-VO2S2HA" failures="0" tests="1" name="day11june23.SoftAssertionDemo" time="0.041" errors="0" timestamp="2023-06-13T07:06:53 IST" skipped="0">
  <testcase classname="day11june23.SoftAssertionDemo" name="verifySoftAssertion" time="0.041"/>
  <system-out/>
</testsuite> <!-- day11june23.SoftAssertionDemo -->
